<?xml version="1.0" encoding="UTF-8" ?>
<testsuite errors="1" failures="0" hostname="EDL-DV-JCARD" name="org.card.scrabble.BoardTest" tests="1" time="0.542" timestamp="2012-01-10T02:40:12">
  <properties>
    <property name="libs.jsp-compiler.javadoc" value="" />
    <property name="netbeans.autoupdate.country" value="CA" />
    <property name="javac.test.classpath" value="C:\groovy-1.8.5\embeddable\groovy-all-1.8.5.jar:C:\scrabble\scrabble.utils-1.0.0-SNAPSHOT-jar-with-dependencies (1).jar:C:\Users\jcard\.netbeans\7.1\modules\ext\junit-4.10.jar:build/classes" />
    <property name="libs.jsf20.maven-pom" value="" />
    <property name="ant.file.type.scrabble-bot" value="file" />
    <property name="libs.junit.javadoc" value="C:\Users\jcard\.netbeans\7.1\docs\junit-3.8.2-api.zip" />
    <property name="ant.core.lib" value="C:\Program Files\NetBeans 7.1\java\ant\lib\ant.jar" />
    <property name="javadoc.windowtitle" value="" />
    <property name="libs.toplink.classpath" value="C:\Program Files\NetBeans 7.1\java\modules\ext\toplink\toplink-essentials.jar;C:\Program Files\NetBeans 7.1\java\modules\ext\toplink\toplink-essentials-agent.jar" />
    <property name="libs.jsp-compilation.javadoc" value="" />
    <property name="user.dir" value="C:\Users\jcard\Documents\NetBeansProjects\scrabble-bot" />
    <property name="libs.hibernate-persistence.javadoc" value="" />
    <property name="java.vm.version" value="20.0-b11" />
    <property name="libs.jstl11.maven-pom" value="" />
    <property name="libs.MySQLDriver.classpath" value="C:\Program Files\NetBeans 7.1\ide\modules\ext\mysql-connector-java-5.1.13-bin.jar" />
    <property name="libs.eclipselinkmodelgen.src" value="" />
    <property name="libs.jstl11.src" value="" />
    <property name="javadoc.notree" value="false" />
    <property name="netbeans.autoupdate.version" value="1.23" />
    <property name="libs.javaee-web-api-6.0.classpath" value="C:\Users\jcard\.netbeans\7.1\modules\ext\javaee-web-api-6.0.jar" />
    <property name="libs.hibernate-support.maven-pom" value="" />
    <property name="libs.hibernate-support.javadoc" value="" />
    <property name="jdk.home" value="C:\Program Files\Java\jdk1.6.0_25" />
    <property name="libs.javac-api.src" value="" />
    <property name="javadoc.noindex" value="false" />
    <property name="sun.os.patch.level" value="" />
    <property name="do.archive+manifest.available" value="true" />
    <property name="java.vm.specification.name" value="Java Virtual Machine Specification" />
    <property name="nb.show.statistics.ui" value="usageStatisticsEnabled" />
    <property name="libs.Groovy 1.8.classpath" value="C:\groovy-1.8.5\embeddable\groovy-all-1.8.5.jar" />
    <property name="netbeans.autoupdate.variant" value="" />
    <property name="have.tests" value="true" />
    <property name="org.xml.sax.driver" value="com.sun.org.apache.xerces.internal.jaxp.SAXParserImpl$JAXPSAXParser" />
    <property name="libs.javac-api.javadoc" value="" />
    <property name="os.name" value="Windows 7" />
    <property name="libs.beans-binding.classpath" value="C:\Program Files\NetBeans 7.1\java\modules\ext\beansbinding-1.2.1.jar" />
    <property name="ap.proc.none.internal" value="" />
    <property name="libs.JWSAntTasks.maven-pom" value="" />
    <property name="libs.spring-webmvc3.0.src" value="" />
    <property name="java.vendor.url.bug" value="http://java.sun.com/cgi-bin/bugreport.cgi" />
    <property name="libs.jaxb.maven-pom" value="" />
    <property name="os.arch" value="amd64" />
    <property name="libs.eclipselink.src" value="" />
    <property name="user.name" value="jcard" />
    <property name="libs.jsf12.javadoc" value="" />
    <property name="copylibs.rebase" value="true" />
    <property name="manifest.available+main.class" value="true" />
    <property name="libs.spring-webmvc3.0.maven-pom" value="" />
    <property name="libs.swing-layout.maven-pom" value="" />
    <property name="sun.java.command" value="org.apache.tools.ant.taskdefs.optional.junit.JUnitTestRunner org.card.scrabble.BoardTest filtertrace=true haltOnError=false haltOnFailure=false showoutput=true outputtoformatters=true logfailedtests=true logtestlistenerevents=true formatter=org.apache.tools.ant.taskdefs.optional.junit.BriefJUnitResultFormatter formatter=org.apache.tools.ant.taskdefs.optional.junit.XMLJUnitResultFormatter,C:\Users\jcard\Documents\NetBeansProjects\scrabble-bot\build\test\results\TEST-org.card.scrabble.BoardTest.xml crashfile=C:\Users\jcard\Documents\NetBeansProjects\scrabble-bot\junitvmwatcher2628132635390292144.properties propsfile=C:\Users\jcard\Documents\NetBeansProjects\scrabble-bot\junit7064410629581344848.properties" />
    <property name="build.classes.dir" value="build/classes" />
    <property name="netbeans.accept_license_class" value="org.netbeans.license.AcceptLicense" />
    <property name="build.sysclasspath" value="ignore" />
    <property name="ap.supported.internal" value="true" />
    <property name="libs.jaxws21.javadoc" value="C:\Program Files\NetBeans 7.1\java\docs\jaxws-api-doc.zip" />
    <property name="includes" value="**" />
    <property name="user.country" value="CA" />
    <property name="manifest.file" value="manifest.mf" />
    <property name="libs.jstl11.javadoc" value="" />
    <property name="javadoc.encoding" value="UTF-8" />
    <property name="javac.classpath" value="C:\groovy-1.8.5\embeddable\groovy-all-1.8.5.jar:C:\scrabble\scrabble.utils-1.0.0-SNAPSHOT-jar-with-dependencies (1).jar:C:\Users\jcard\.netbeans\7.1\modules\ext\junit-4.10.jar" />
    <property name="libs.jsp-compilation-syscp.src" value="" />
    <property name="debug-transport" value="dt_shmem" />
    <property name="netbeans.home" value="C:\Program Files\NetBeans 7.1\platform" />
    <property name="build.compiler.emacs" value="true" />
    <property name="libs.javaee-web-api-6.0.src" value="" />
    <property name="libs.ejb3-persistence.src" value="" />
    <property name="libs.jsp-compilation-syscp.classpath" value="C:\Program Files\NetBeans 7.1\java\ant\lib\ant.jar;C:\Users\jcard\.netbeans\7.1\modules\ext\servlet3.0-jsp2.2-api.jar;C:\Users\jcard\.netbeans\7.1\modules\ext\glassfish-jspparser-3.0.jar;C:\Users\jcard\.netbeans\7.1\modules\ext\standard.jar;C:\Users\jcard\.netbeans\7.1\modules\ext\jsf-2_1\jsf-impl.jar" />
    <property name="java.endorsed.dirs" value="C:\Program Files\Java\jdk1.6.0_25\jre\lib\endorsed" />
    <property name="libs.groovy-all.src" value="" />
    <property name="netbeans.dynamic.classpath" value="C:\Program Files\NetBeans 7.1\platform\core\core.jar;C:\Program Files\NetBeans 7.1\platform\core\org-openide-filesystems.jar;C:\Program Files\NetBeans 7.1\platform\core\locale\core_ja.jar;C:\Program Files\NetBeans 7.1\platform\core\locale\core_pt_BR.jar;C:\Program Files\NetBeans 7.1\platform\core\locale\core_ru.jar;C:\Program Files\NetBeans 7.1\platform\core\locale\core_zh_CN.jar;C:\Program Files\NetBeans 7.1\platform\core\locale\org-openide-filesystems_ja.jar;C:\Program Files\NetBeans 7.1\platform\core\locale\org-openide-filesystems_pt_BR.jar;C:\Program Files\NetBeans 7.1\platform\core\locale\org-openide-filesystems_ru.jar;C:\Program Files\NetBeans 7.1\platform\core\locale\org-openide-filesystems_zh_CN.jar;C:\Program Files\NetBeans 7.1\nb\core\org-netbeans-upgrader.jar;C:\Program Files\NetBeans 7.1\nb\core\locale\core_nb.jar;C:\Program Files\NetBeans 7.1\nb\core\locale\core_nb_ja.jar;C:\Program Files\NetBeans 7.1\nb\core\locale\core_nb_pt_BR.jar;C:\Program Files\NetBeans 7.1\nb\core\locale\core_nb_ru.jar;C:\Program Files\NetBeans 7.1\nb\core\locale\core_nb_zh_CN.jar;C:\Program Files\NetBeans 7.1\nb\core\locale\org-netbeans-upgrader_ja.jar;C:\Program Files\NetBeans 7.1\nb\core\locale\org-netbeans-upgrader_pt_BR.jar;C:\Program Files\NetBeans 7.1\nb\core\locale\org-netbeans-upgrader_ru.jar;C:\Program Files\NetBeans 7.1\nb\core\locale\org-netbeans-upgrader_zh_CN.jar" />
    <property name="java.vm.specification.version" value="1.0" />
    <property name="libs.primefaces.classpath" value="C:\Users\jcard\.netbeans\7.1\modules\ext\primefaces\primefaces-2.2.1.jar" />
    <property name="libs.javaee-api-6.0.classpath" value="C:\Users\jcard\.netbeans\7.1\modules\ext\javaee-api-6.0.jar" />
    <property name="libs.groovy-all.maven-pom" value="" />
    <property name="netbeans.productversion" value="NetBeans IDE 7.1 (Build 201112071828)" />
    <property name="libs.hibernate-persistence.classpath" value="C:\Program Files\NetBeans 7.1\java\modules\ext\hibernate\antlr-2.7.6.jar;C:\Program Files\NetBeans 7.1\java\modules\ext\hibernate\asm.jar;C:\Program Files\NetBeans 7.1\java\modules\ext\hibernate\asm-attrs.jar;C:\Program Files\NetBeans 7.1\java\modules\ext\hibernate\cglib-2.1.3.jar;C:\Program Files\NetBeans 7.1\java\modules\ext\hibernate\commons-collections-2.1.1.jar;C:\Program Files\NetBeans 7.1\ide\modules\org-apache-commons-logging.jar;C:\Program Files\NetBeans 7.1\java\modules\ext\hibernate\dom4j-1.6.1.jar;C:\Program Files\NetBeans 7.1\java\modules\ext\hibernate\ehcache-1.2.3.jar;C:\Program Files\NetBeans 7.1\java\modules\ext\hibernate\jdbc2_0-stdext.jar;C:\Program Files\NetBeans 7.1\java\modules\ext\hibernate\jta.jar;C:\Program Files\NetBeans 7.1\java\modules\ext\hibernate\hibernate3.jar;C:\Program Files\NetBeans 7.1\java\modules\ext\hibernate\hibernate-tools.jar;C:\Program Files\NetBeans 7.1\java\modules\ext\hibernate\hibernate-annotations.jar;C:\Program Files\NetBeans 7.1\java\modules\ext\hibernate\hibernate-commons-annotations.jar;C:\Program Files\NetBeans 7.1\java\modules\ext\hibernate\hibernate-entitymanager.jar;C:\Program Files\NetBeans 7.1\java\modules\ext\hibernate\javassist.jar;C:\Program Files\NetBeans 7.1\java\modules\ext\hibernate\ejb3-persistence.jar" />
    <property name="libs.jaxws21.src" value="" />
    <property name="application.title" value="scrabble-bot" />
    <property name="do.archive" value="true" />
    <property name="netbeans.autoupdate.language" value="en" />
    <property name="java.vendor" value="Sun Microsystems Inc." />
    <property name="libs.javaee-api-6.0.javadoc" value="" />
    <property name="jar.index.metainf" value="false" />
    <property name="javac.debug" value="true" />
    <property name="javadoc.splitindex" value="true" />
    <property name="file.separator" value="\" />
    <property name="libs.junit_4.maven-pom" value="" />
    <property name="mkdist.disabled" value="false" />
    <property name="javac.test.processorpath" value="C:\groovy-1.8.5\embeddable\groovy-all-1.8.5.jar:C:\scrabble\scrabble.utils-1.0.0-SNAPSHOT-jar-with-dependencies (1).jar:C:\Users\jcard\.netbeans\7.1\modules\ext\junit-4.10.jar:build/classes" />
    <property name="netbeans.buildnumber" value="201112071828" />
    <property name="libs.JWSAntTasks.javadoc" value="" />
    <property name="build.generated.sources.dir" value="build/generated-sources" />
    <property name="user.variant" value="" />
    <property name="libs.eclipselinkmodelgen.classpath" value="C:\Program Files\NetBeans 7.1\java\modules\ext\eclipselink\eclipselink-jpa-modelgen-2.3.0.jar" />
    <property name="sun.java.launcher" value="SUN_STANDARD" />
    <property name="libs.junit.classpath" value="C:\Users\jcard\.netbeans\7.1\modules\ext\junit-3.8.2.jar" />
    <property name="libs.jaxb.javadoc" value="C:\Program Files\NetBeans 7.1\ide\docs\jaxb-api-doc.zip" />
    <property name="libs.struts.classpath" value="C:\Users\jcard\.netbeans\7.1\modules\ext\struts\antlr-2.7.2.jar;C:\Users\jcard\.netbeans\7.1\modules\ext\struts\bsf-2.3.0.jar;C:\Users\jcard\.netbeans\7.1\modules\ext\struts\commons-beanutils-1.8.0.jar;C:\Users\jcard\.netbeans\7.1\modules\ext\struts\commons-chain-1.2.jar;C:\Users\jcard\.netbeans\7.1\modules\ext\struts\commons-digester-1.8.jar;C:\Users\jcard\.netbeans\7.1\modules\ext\struts\commons-fileupload-1.1.1.jar;C:\Users\jcard\.netbeans\7.1\modules\ext\struts\commons-io-1.1.jar;C:\Users\jcard\.netbeans\7.1\modules\ext\struts\commons-logging-1.0.4.jar;C:\Users\jcard\.netbeans\7.1\modules\ext\struts\commons-validator-1.3.1.jar;C:\Users\jcard\.netbeans\7.1\modules\ext\struts\jstl-1.0.2.jar;C:\Users\jcard\.netbeans\7.1\modules\ext\struts\oro-2.0.8.jar;C:\Users\jcard\.netbeans\7.1\modules\ext\struts\standard-1.0.6.jar;C:\Users\jcard\.netbeans\7.1\modules\ext\struts\struts-core-1.3.10.jar;C:\Users\jcard\.netbeans\7.1\modules\ext\struts\struts-el-1.3.10.jar;C:\Users\jcard\.netbeans\7.1\modules\ext\struts\struts-extras-1.3.10.jar;C:\Users\jcard\.netbeans\7.1\modules\ext\struts\struts-faces-1.3.10.jar;C:\Users\jcard\.netbeans\7.1\modules\ext\struts\struts-mailreader-dao-1.3.10.jar;C:\Users\jcard\.netbeans\7.1\modules\ext\struts\struts-scripting-1.3.10.jar;C:\Users\jcard\.netbeans\7.1\modules\ext\struts\struts-taglib-1.3.10.jar;C:\Users\jcard\.netbeans\7.1\modules\ext\struts\struts-tiles-1.3.10.jar" />
    <property name="org.openide.awt.SwingBrowserImpl.do-not-block-awt" value="false" />
    <property name="ant.home" value="C:\Program Files\NetBeans 7.1\java\ant" />
    <property name="libs.junit_4.src" value="C:\Users\jcard\.netbeans\7.1\docs\junit-4.10-sources.jar" />
    <property name="libs.absolutelayout.maven-pom" value="" />
    <property name="ant.java.version" value="1.6" />
    <property name="java.library.path" value="C:\Program Files\Java\jdk1.6.0_25\jre\bin;.;C:\Windows\Sun\Java\bin;C:\Windows\system32;C:\Windows;C:\orant\bin;C:\Program Files\Common Files\Microsoft Shared\Windows Live;C:\Program Files (x86)\Common Files\Microsoft Shared\Windows Live;C:\Windows\system32;C:\Windows;C:\Windows\System32\Wbem;C:\Windows\System32\WindowsPowerShell\v1.0\;C:\Program Files\WIDCOMM\Bluetooth Software\;C:\Program Files\WIDCOMM\Bluetooth Software\syswow64;C:\Program Files\Intel\DMIX;C:\Program Files\Intel\WiFi\bin\;C:\Program Files\Common Files\Intel\WirelessCommon\;C:\Program Files (x86)\NTRU Cryptosystems\NTRU TCG Software Stack\bin\;C:\Program Files\NTRU Cryptosystems\NTRU TCG Software Stack\bin\;C:\Program Files (x86)\Intel\Services\IPT\;C:\Program Files\Dell\Dell Data Protection\Access\Advanced\Wave\Gemalto\Access Client\v5\;C:\Program Files (x86)\Common Files\Roxio Shared\DLLShared\;C:\Program Files (x86)\Common Files\Roxio Shared\OEM\DLLShared\;C:\Program Files (x86)\Common Files\Roxio Shared\OEM\DLLShared\;C:\Program Files (x86)\Common Files\Roxio Shared\OEM\12.0\DLLShared\;C:\Program Files (x86)\Roxio\OEM\AudioCore\;C:\Program Files (x86)\Windows Live\Shared;C:\Program Files (x86)\TortoiseSVN\bin;C:\Program Files\TortoiseSVN\bin;C:\Program Files\jEdit;C:\maven\bin;C:\Program Files (x86)\Interactive Intelligence\ICUserApps\;C:\Program Files (x86)\scala\bin;c:\jruby-1.6.5.1\bin;C:\Program Files (x86)\scala\bin" />
    <property name="javadoc.author" value="false" />
    <property name="manifest.available+main.class-mkdist.available" value="true" />
    <property name="java.util.logging.config.class" value="org.netbeans.core.startup.TopLogging" />
    <property name="libs.PostgreSQLDriver.src" value="" />
    <property name="sun.arch.data.model" value="64" />
    <property name="basedir" value="C:\Users\jcard\Documents\NetBeansProjects\scrabble-bot" />
    <property name="jar.compress" value="false" />
    <property name="libs.jstl11.classpath" value="C:\Users\jcard\.netbeans\7.1\modules\ext\standard.jar;C:\Users\jcard\.netbeans\7.1\modules\ext\jstl.jar" />
    <property name="path.separator" value=";" />
    <property name="libs.javaee-web-api-6.0.javadoc" value="" />
    <property name="ant.junit.enabletestlistenerevents" value="true" />
    <property name="sun.io.unicode.encoding" value="UnicodeLittle" />
    <property name="libs.jaxws21.classpath" value="C:\Program Files\NetBeans 7.1\ide\modules\ext\jaxb\jaxb-impl.jar;C:\Program Files\NetBeans 7.1\ide\modules\ext\jaxb\jaxb-xjc.jar;C:\Program Files\NetBeans 7.1\java\modules\ext\jaxws22\FastInfoset.jar;C:\Program Files\NetBeans 7.1\java\modules\ext\jaxws22\gmbal-api-only.jar;C:\Program Files\NetBeans 7.1\java\modules\ext\jaxws22\http.jar;C:\Program Files\NetBeans 7.1\java\modules\ext\jaxws22\jaxws-rt.jar;C:\Program Files\NetBeans 7.1\java\modules\ext\jaxws22\jaxws-tools.jar;C:\Program Files\NetBeans 7.1\java\modules\ext\jaxws22\management-api.jar;C:\Program Files\NetBeans 7.1\java\modules\ext\jaxws22\mimepull.jar;C:\Program Files\NetBeans 7.1\java\modules\ext\jaxws22\policy.jar;C:\Program Files\NetBeans 7.1\java\modules\ext\jaxws22\saaj-impl.jar;C:\Program Files\NetBeans 7.1\java\modules\ext\jaxws22\stax-ex.jar;C:\Program Files\NetBeans 7.1\java\modules\ext\jaxws22\streambuffer.jar;C:\Program Files\NetBeans 7.1\java\modules\ext\jaxws22\woodstox.jar;C:\Program Files\NetBeans 7.1\java\modules\ext\jaxws22\api\jaxws-api.jar;C:\Program Files\NetBeans 7.1\java\modules\ext\jaxws22\api\jsr181-api.jar;C:\Program Files\NetBeans 7.1\java\modules\ext\jaxws22\api\jsr250-api.jar;C:\Program Files\NetBeans 7.1\java\modules\ext\jaxws22\api\saaj-api.jar;C:\Program Files\NetBeans 7.1\ide\modules\ext\jaxb\activation.jar;C:\Program Files\NetBeans 7.1\ide\modules\ext\jaxb\api\jaxb-api.jar;C:\Program Files\NetBeans 7.1\ide\modules\ext\jaxb\api\jsr173_api.jar" />
    <property name="libs.struts.src" value="" />
    <property name="compile.on.save" value="true" />
    <property name="apple.awt.graphics.UseQuartz" value="true" />
    <property name="user.language" value="en" />
    <property name="libs.JAXB-ENDORSED.maven-pom" value="" />
    <property name="libs.spring-framework.classpath" value="C:\Program Files\NetBeans 7.1\ide\modules\org-apache-commons-logging.jar;C:\Program Files\NetBeans 7.1\java\modules\ext\cglib-2.2.jar;C:\Program Files\NetBeans 7.1\java\modules\ext\spring\spring-2.5.6.SEC01.jar" />
    <property name="libs.eclipselink.maven-pom" value="" />
    <property name="application.vendor" value="jcard" />
    <property name="manifest.available" value="true" />
    <property name="libs.primefaces.javadoc" value="" />
    <property name="libs.spring-framework300.maven-pom" value="" />
    <property name="run.test.classpath" value="C:\groovy-1.8.5\embeddable\groovy-all-1.8.5.jar:C:\scrabble\scrabble.utils-1.0.0-SNAPSHOT-jar-with-dependencies (1).jar:C:\Users\jcard\.netbeans\7.1\modules\ext\junit-4.10.jar:build/classes:build/test/classes" />
    <property name="ant.project.invoked-targets" value="test" />
    <property name="libs.swing-layout.javadoc" value="C:\Program Files\NetBeans 7.1\platform\docs\swing-layout-1.0.4-doc.zip" />
    <property name="libs.ejb3-persistence.maven-pom" value="" />
    <property name="libs.PostgreSQLDriver.maven-pom" value="" />
    <property name="java.class.version" value="50.0" />
    <property name="libs.javaee-endorsed-api-6.0.src" value="" />
    <property name="netbeans.system_http_proxy" value="DIRECT" />
    <property name="libs.eclipselink.javadoc" value="" />
    <property name="libs.jsp-compilation.maven-pom" value="" />
    <property name="user.properties.file" value="C:\Users\jcard\.netbeans\7.1\build.properties" />
    <property name="runtime.encoding" value="UTF-8" />
    <property name="libs.spring-framework.src" value="" />
    <property name="libs.javac-api.maven-pom" value="" />
    <property name="file.encoding.pkg" value="sun.io" />
    <property name="sun.cpu.endian" value="little" />
    <property name="libs.JAXB-ENDORSED.javadoc" value="" />
    <property name="libs.JWSAntTasks.classpath" value="C:\Program Files\NetBeans 7.1\java\ant\extra\org-netbeans-modules-javawebstart-anttasks.jar" />
    <property name="libs.spring-framework300.src" value="" />
    <property name="empty.dir" value="C:\Users\jcard\Documents\NetBeansProjects\scrabble-bot\build\empty" />
    <property name="file.reference.scrabble.utils-1.0.0-SNAPSHOT-jar-with-dependencies__1_.jar" value="C:\scrabble\scrabble.utils-1.0.0-SNAPSHOT-jar-with-dependencies (1).jar" />
    <property name="version-output" value="java version &quot;1.6" />
    <property name="javadoc.preview" value="true" />
    <property name="nbplatform.default.harness.dir" value="C:\Program Files\NetBeans 7.1/harness" />
    <property name="java.home" value="C:\Program Files\Java\jdk1.6.0_25\jre" />
    <property name="libs.jsp-compilation.src" value="" />
    <property name="libs.spring-webmvc.src" value="" />
    <property name="debug.test.classpath" value="C:\groovy-1.8.5\embeddable\groovy-all-1.8.5.jar:C:\scrabble\scrabble.utils-1.0.0-SNAPSHOT-jar-with-dependencies (1).jar:C:\Users\jcard\.netbeans\7.1\modules\ext\junit-4.10.jar:build/classes:build/test/classes" />
    <property name="libs.javaee-endorsed-api-6.0.classpath" value="C:\Users\jcard\.netbeans\7.1\modules\ext\javaee6-endorsed\javax.annotation.jar;C:\Users\jcard\.netbeans\7.1\modules\ext\javaee6-endorsed\jaxb-api-osgi.jar;C:\Users\jcard\.netbeans\7.1\modules\ext\javaee6-endorsed\webservices-api-osgi.jar" />
    <property name="libs.javaee-api-6.0.src" value="" />
    <property name="netbeans.importclass" value="org.netbeans.upgrade.AutoUpgrade" />
    <property name="ant.project.default-target" value="default" />
    <property name="annotation.processing.run.all.processors" value="true" />
    <property name="libs.Groovy 1.8.javadoc" value="" />
    <property name="libs.toplink.maven-pom" value="" />
    <property name="libs.PostgreSQLDriver.javadoc" value="" />
    <property name="libs.MySQLDriver.maven-pom" value="" />
    <property name="libs.junit_4.javadoc" value="C:\Users\jcard\.netbeans\7.1\docs\junit-4.10-javadoc.jar" />
    <property name="libs.spring-webmvc.javadoc" value="" />
    <property name="libs.toplink.src" value="" />
    <property name="libs.javaee-web-api-6.0.maven-pom" value="" />
    <property name="run.classpath" value="C:\groovy-1.8.5\embeddable\groovy-all-1.8.5.jar:C:\scrabble\scrabble.utils-1.0.0-SNAPSHOT-jar-with-dependencies (1).jar:C:\Users\jcard\.netbeans\7.1\modules\ext\junit-4.10.jar:build/classes" />
    <property name="libs.hibernate-support.src" value="" />
    <property name="libs.javaee-endorsed-api-6.0.javadoc" value="" />
    <property name="libs.spring-webmvc3.0.javadoc" value="" />
    <property name="annotation.processing.enabled.in.editor" value="false" />
    <property name="sun.management.compiler" value="HotSpot 64-Bit Tiered Compilers" />
    <property name="javac.deprecation" value="false" />
    <property name="javadoc.use" value="true" />
    <property name="sun.java2d.noddraw" value="true" />
    <property name="libs.jsp-compiler.classpath" value="C:\Users\jcard\.netbeans\7.1\ant\extra\jspcompile.jar" />
    <property name="javac.processorpath" value="C:\groovy-1.8.5\embeddable\groovy-all-1.8.5.jar:C:\scrabble\scrabble.utils-1.0.0-SNAPSHOT-jar-with-dependencies (1).jar:C:\Users\jcard\.netbeans\7.1\modules\ext\junit-4.10.jar" />
    <property name="libs.spring-webmvc.classpath" value="C:\Users\jcard\.netbeans\7.1\modules\ext\spring\spring-webmvc-2.5.6.SEC01.jar" />
    <property name="javac.compilerargs" value="" />
    <property name="ant.file" value="C:\Users\jcard\Documents\NetBeansProjects\scrabble-bot\build.xml" />
    <property name="libs.beans-binding.maven-pom" value="" />
    <property name="libs.jsf12.classpath" value="C:\Users\jcard\.netbeans\7.1\modules\ext\jsf-1_2\commons-beanutils.jar;C:\Users\jcard\.netbeans\7.1\modules\ext\jsf-1_2\commons-collections.jar;C:\Users\jcard\.netbeans\7.1\modules\ext\jsf-1_2\commons-digester.jar;C:\Users\jcard\.netbeans\7.1\modules\ext\jsf-1_2\commons-logging.jar;C:\Users\jcard\.netbeans\7.1\modules\ext\jsf-1_2\jsf-api.jar;C:\Users\jcard\.netbeans\7.1\modules\ext\jsf-1_2\jsf-impl.jar" />
    <property name="ant.file.type.scrabble-bot-impl" value="file" />
    <property name="libs.beans-binding.src" value="" />
    <property name="java.vm.specification.vendor" value="Sun Microsystems Inc." />
    <property name="libs.swing-layout.src" value="C:\Program Files\NetBeans 7.1\platform\docs\swing-layout-1.0.4-src.zip" />
    <property name="org.openide.major.version" value="IDE/1" />
    <property name="java.vm.name" value="Java HotSpot(TM) 64-Bit Server VM" />
    <property name="netbeans.user" value="C:\Users\jcard\.netbeans\7.1" />
    <property name="javadoc.additionalparam" value="" />
    <property name="java.io.tmpdir" value="C:\Users\jcard\AppData\Local\Temp\" />
    <property name="java.vendor.url" value="http://java.sun.com/" />
    <property name="libs.Groovy 1.8.src" value="" />
    <property name="endorsed.classpath.cmd.line.arg" value="" />
    <property name="libs.jsp-compiler.src" value="" />
    <property name="org.openide.awt.ActionReference.completion" value="org.netbeans.modules.apisupport.project.layers.PathCompletions" />
    <property name="sun.boot.library.path" value="C:\Program Files\Java\jdk1.6.0_25\jre\bin" />
    <property name="have.sources" value="true" />
    <property name="debug.classpath" value="C:\groovy-1.8.5\embeddable\groovy-all-1.8.5.jar:C:\scrabble\scrabble.utils-1.0.0-SNAPSHOT-jar-with-dependencies (1).jar:C:\Users\jcard\.netbeans\7.1\modules\ext\junit-4.10.jar:build/classes" />
    <property name="javadoc.private" value="false" />
    <property name="test.src.dir" value="test" />
    <property name="libs.jsf20.classpath" value="C:\Users\jcard\.netbeans\7.1\modules\ext\jsf-2_1\jsf-api.jar;C:\Users\jcard\.netbeans\7.1\modules\ext\jsf-2_1\jsf-impl.jar" />
    <property name="ap.processors.internal" value="" />
    <property name="meta.inf.dir" value="src/META-INF" />
    <property name="javadoc.encoding.used" value="UTF-8" />
    <property name="ant.file.scrabble-bot-impl" value="C:\Users\jcard\Documents\NetBeansProjects\scrabble-bot\nbproject\build-impl.xml" />
    <property name="dist.jar" value="dist/scrabble-bot.jar" />
    <property name="java.runtime.name" value="Java(TM) SE Runtime Environment" />
    <property name="ant.project.name" value="scrabble-bot" />
    <property name="netbeans.hash.code" value="unique=NB_JAVA01695eaef-338a-4554-8474-2f41738f4832_a97d96eb-b843-43f8-ae91-758eaeef7419" />
    <property name="libs.jsp-compilation-syscp.maven-pom" value="" />
    <property name="manifest.available-mkdist.available" value="true" />
    <property name="sun.cpu.isalist" value="amd64" />
    <property name="libs.CopyLibs.javadoc" value="" />
    <property name="org.openide.specification.version" value="6.2" />
    <property name="libs.hibernate-support.classpath" value="C:\Program Files\NetBeans 7.1\java\modules\ext\hibernate\antlr-2.7.6.jar;C:\Program Files\NetBeans 7.1\java\modules\ext\hibernate\asm.jar;C:\Program Files\NetBeans 7.1\java\modules\ext\hibernate\asm-attrs.jar;C:\Program Files\NetBeans 7.1\java\modules\ext\hibernate\cglib-2.1.3.jar;C:\Program Files\NetBeans 7.1\java\modules\ext\hibernate\commons-collections-2.1.1.jar;C:\Program Files\NetBeans 7.1\ide\modules\org-apache-commons-logging.jar;C:\Program Files\NetBeans 7.1\java\modules\ext\hibernate\dom4j-1.6.1.jar;C:\Program Files\NetBeans 7.1\java\modules\ext\hibernate\ehcache-1.2.3.jar;C:\Program Files\NetBeans 7.1\java\modules\ext\hibernate\jdbc2_0-stdext.jar;C:\Program Files\NetBeans 7.1\java\modules\ext\hibernate\jta.jar;C:\Program Files\NetBeans 7.1\java\modules\ext\hibernate\hibernate3.jar;C:\Program Files\NetBeans 7.1\java\modules\ext\hibernate\hibernate-tools.jar;C:\Program Files\NetBeans 7.1\java\modules\ext\hibernate\hibernate-annotations.jar;C:\Program Files\NetBeans 7.1\java\modules\ext\hibernate\hibernate-commons-annotations.jar;C:\Program Files\NetBeans 7.1\java\modules\ext\hibernate\hibernate-entitymanager.jar;C:\Program Files\NetBeans 7.1\java\modules\ext\hibernate\javassist.jar" />
    <property name="user.home" value="C:\Users\jcard" />
    <property name="annotation.processing.processors.list" value="" />
    <property name="libs.primefaces.maven-pom" value="" />
    <property name="debug-args-line" value="-Xdebug" />
    <property name="sun.zip.disableMemoryMapping" value="true" />
    <property name="libs.javaee-api-6.0.maven-pom" value="" />
    <property name="libs.JWSAntTasks.src" value="" />
    <property name="jar.index" value="false" />
    <property name="libs.CopyLibs.maven-pom" value="" />
    <property name="libs.spring-framework300.javadoc" value="" />
    <property name="libs.hibernate-persistence.maven-pom" value="" />
    <property name="libs.absolutelayout.javadoc" value="" />
    <property name="guice.disable.misplaced.annotation.check" value="true" />
    <property name="java.specification.name" value="Java Platform API Specification" />
    <property name="do.archive+main.class.available" value="true" />
    <property name="compile.on.save.unsupported.groovy" value="true" />
    <property name="java.specification.vendor" value="Sun Microsystems Inc." />
    <property name="libs.javac-api.classpath" value="C:\Program Files\NetBeans 7.1\java\modules\ext\javac-api-nb-7.0-b07.jar" />
    <property name="java.version" value="1.6.0_25" />
    <property name="javadoc.version" value="false" />
    <property name="libs.MySQLDriver.javadoc" value="" />
    <property name="org.openide.version" value="deprecated" />
    <property name="source.encoding" value="UTF-8" />
    <property name="ap.cmd.line.internal" value="" />
    <property name="libs.eclipselinkmodelgen.maven-pom" value="" />
    <property name="libs.jsp-compilation-syscp.javadoc" value="" />
    <property name="libs.junit.maven-pom" value="" />
    <property name="libs.eclipselinkmodelgen.javadoc" value="" />
    <property name="libs.struts.maven-pom" value="" />
    <property name="netbeans.home+have.tests" value="true" />
    <property name="annotation.processing.processor.options" value="" />
    <property name="libs.jaxb.src" value="" />
    <property name="work.dir" value="C:\Users\jcard\Documents\NetBeansProjects\scrabble-bot" />
    <property name="libs.jaxb.classpath" value="C:\Program Files\NetBeans 7.1\ide\modules\ext\jaxb\jaxb-impl.jar;C:\Program Files\NetBeans 7.1\ide\modules\ext\jaxb\jaxb-xjc.jar;C:\Program Files\NetBeans 7.1\ide\modules\ext\jaxb\jaxb1-impl.jar;C:\Program Files\NetBeans 7.1\ide\modules\ext\jaxb\activation.jar;C:\Program Files\NetBeans 7.1\ide\modules\ext\jaxb\api\jaxb-api.jar;C:\Program Files\NetBeans 7.1\ide\modules\ext\jaxb\api\jsr173_api.jar" />
    <property name="do.depend" value="false" />
    <property name="dist.javadoc.dir" value="dist/javadoc" />
    <property name="libs.swing-layout.classpath" value="C:\Program Files\NetBeans 7.1\platform\modules\ext\swing-layout-1.0.4.jar" />
    <property name="libs.spring-webmvc3.0.classpath" value="C:\Program Files\NetBeans 7.1\java\modules\ext\spring-3.0\spring-webmvc-3.0.6.RELEASE.jar" />
    <property name="build.generated.dir" value="build/generated" />
    <property name="javac.source" value="1.6" />
    <property name="libs.hibernate-persistence.src" value="" />
    <property name="line.separator" value="&#xd;&#xa;" />
    <property name="java.specification.version" value="1.6" />
    <property name="libs.jaxws21.maven-pom" value="" />
    <property name="java.vm.info" value="mixed mode" />
    <property name="ant.file.scrabble-bot" value="C:\Users\jcard\Documents\NetBeansProjects\scrabble-bot\build.xml" />
    <property name="libs.spring-framework.maven-pom" value="" />
    <property name="sun.boot.class.path" value="C:\Program Files\Java\jdk1.6.0_25\jre\lib\resources.jar;C:\Program Files\Java\jdk1.6.0_25\jre\lib\rt.jar;C:\Program Files\Java\jdk1.6.0_25\jre\lib\sunrsasign.jar;C:\Program Files\Java\jdk1.6.0_25\jre\lib\jsse.jar;C:\Program Files\Java\jdk1.6.0_25\jre\lib\jce.jar;C:\Program Files\Java\jdk1.6.0_25\jre\lib\charsets.jar;C:\Program Files\Java\jdk1.6.0_25\jre\lib\modules\jdk.boot.jar;C:\Program Files\Java\jdk1.6.0_25\jre\classes" />
    <property name="javac.target" value="1.6" />
    <property name="built-jar.properties" value="C:\Users\jcard\Documents\NetBeansProjects\scrabble-bot\build\built-jar.properties" />
    <property name="build.test.classes.dir" value="build/test/classes" />
    <property name="src.dir" value="src" />
    <property name="annotation.processing.enabled" value="true" />
    <property name="sun.awt.keepWorkingSetOnMinimize" value="true" />
    <property name="libs.jsf20.src" value="" />
    <property name="libs.jsf12.src" value="" />
    <property name="nbplatform.default.netbeans.dest.dir" value="C:\Program Files\NetBeans 7.1" />
    <property name="libs.struts.javadoc" value="C:\Users\jcard\.netbeans\7.1\docs\struts-1.3.10-javadoc.zip" />
    <property name="ignore.failing.tests" value="true" />
    <property name="libs.primefaces.src" value="" />
    <property name="dist.dir" value="dist" />
    <property name="libs.groovy-all.javadoc" value="" />
    <property name="do.archive+manifest.available+main.class" value="true" />
    <property name="libs.Groovy 1.8.maven-pom" value="" />
    <property name="javac.fork" value="true" />
    <property name="libs.groovy-all.classpath" value="C:\Users\jcard\.netbeans\7.1\modules\ext\groovy-all.jar" />
    <property name="java.awt.printerjob" value="sun.awt.windows.WPrinterJob" />
    <property name="default.javac.source" value="1.6" />
    <property name="debug-transport-by-os" value="dt_shmem" />
    <property name="sun.jnu.encoding" value="Cp1252" />
    <property name="libs.MySQLDriver.src" value="" />
    <property name="build.test.results.dir" value="build/test/results" />
    <property name="java.runtime.version" value="1.6.0_25-b06" />
    <property name="libs.ejb3-persistence.javadoc" value="" />
    <property name="manifest.available+main.class+mkdist.available" value="true" />
    <property name="default.javac.target" value="1.6" />
    <property name="libs.junit_4.classpath" value="C:\Users\jcard\.netbeans\7.1\modules\ext\junit-4.10.jar" />
    <property name="user.timezone" value="" />
    <property name="do.jar" value="true" />
    <property name="libs.javaee-endorsed-api-6.0.maven-pom" value="" />
    <property name="netbeans.dirs" value="C:\Program Files\NetBeans 7.1\nb;C:\Program Files\NetBeans 7.1\ergonomics;C:\Program Files\NetBeans 7.1\ide;C:\Program Files\NetBeans 7.1\java;C:\Program Files\NetBeans 7.1\apisupport;C:\Program Files\NetBeans 7.1\webcommon;C:\Program Files\NetBeans 7.1\websvccommon;C:\Program Files\NetBeans 7.1\enterprise;C:\Program Files\NetBeans 7.1\mobility;C:\Program Files\NetBeans 7.1\profiler;C:\Program Files\NetBeans 7.1\python;C:\Program Files\NetBeans 7.1\php;C:\Program Files\NetBeans 7.1\identity;C:\Program Files\NetBeans 7.1\harness;C:\Program Files\NetBeans 7.1\cnd;C:\Program Files\NetBeans 7.1\dlight;C:\Program Files\NetBeans 7.1\groovy;C:\Program Files\NetBeans 7.1\extra;C:\Program Files\NetBeans 7.1\javacard;C:\Program Files\NetBeans 7.1\javafx" />
    <property name="libs.jsf20.javadoc" value="" />
    <property name="java.ext.dirs" value="C:\Program Files\Java\jdk1.6.0_25\jre\lib\ext;C:\Windows\Sun\Java\lib\ext" />
    <property name="endorsed.classpath" value="" />
    <property name="libs.absolutelayout.classpath" value="C:\Program Files\NetBeans 7.1\java\modules\ext\AbsoluteLayout.jar" />
    <property name="excludes" value="" />
    <property name="apple.laf.useScreenMenuBar" value="true" />
    <property name="java.class.path" value="C:\groovy-1.8.5\embeddable\groovy-all-1.8.5.jar;C:\scrabble\scrabble.utils-1.0.0-SNAPSHOT-jar-with-dependencies (1).jar;C:\Users\jcard\.netbeans\7.1\modules\ext\junit-4.10.jar;C:\Users\jcard\Documents\NetBeansProjects\scrabble-bot\build\classes;C:\Users\jcard\Documents\NetBeansProjects\scrabble-bot\build\test\classes;C:\Program Files\NetBeans 7.1\java\ant\lib\ant-launcher.jar;C:\Program Files\NetBeans 7.1\java\ant\lib\ant.jar;C:\Program Files\NetBeans 7.1\java\ant\lib\ant-junit.jar;C:\Program Files\NetBeans 7.1\java\ant\lib\ant-junit4.jar" />
    <property name="do.mkdist" value="true" />
    <property name="libs.absolutelayout.src" value="" />
    <property name="os.version" value="6.1" />
    <property name="application.args" value="" />
    <property name="main.class.available" value="true" />
    <property name="libs.toplink.javadoc" value="" />
    <property name="sun.desktop" value="windows" />
    <property name="libs.JAXB-ENDORSED.classpath" value="C:\Program Files\NetBeans 7.1\ide\modules\ext\jaxb\api\jaxb-api.jar" />
    <property name="libs.eclipselink.classpath" value="C:\Program Files\NetBeans 7.1\java\modules\ext\eclipselink\eclipselink-2.3.0.jar;C:\Program Files\NetBeans 7.1\java\modules\ext\eclipselink\javax.persistence-2.0.jar;C:\Program Files\NetBeans 7.1\java\modules\ext\eclipselink\org.eclipse.persistence.jpa.jpql_1.0.0.jar" />
    <property name="libs.beans-binding.javadoc" value="C:\Program Files\NetBeans 7.1\java\docs\beansbinding-1.2.1-doc.zip" />
    <property name="java.awt.graphicsenv" value="sun.awt.Win32GraphicsEnvironment" />
    <property name="java.vm.vendor" value="Sun Microsystems Inc." />
    <property name="libs.CopyLibs.classpath" value="C:\Program Files\NetBeans 7.1\java\ant\extra\org-netbeans-modules-java-j2seproject-copylibstask.jar" />
    <property name="libs.spring-framework300.classpath" value="C:\Program Files\NetBeans 7.1\ide\modules\org-apache-commons-logging.jar;C:\Program Files\NetBeans 7.1\java\modules\ext\cglib-2.2.jar;C:\Program Files\NetBeans 7.1\java\modules\ext\spring-3.0\spring-aop-3.0.6.RELEASE.jar;C:\Program Files\NetBeans 7.1\java\modules\ext\spring-3.0\spring-asm-3.0.6.RELEASE.jar;C:\Program Files\NetBeans 7.1\java\modules\ext\spring-3.0\spring-aspects-3.0.6.RELEASE.jar;C:\Program Files\NetBeans 7.1\java\modules\ext\spring-3.0\spring-beans-3.0.6.RELEASE.jar;C:\Program Files\NetBeans 7.1\java\modules\ext\spring-3.0\spring-context-3.0.6.RELEASE.jar;C:\Program Files\NetBeans 7.1\java\modules\ext\spring-3.0\spring-context-support-3.0.6.RELEASE.jar;C:\Program Files\NetBeans 7.1\java\modules\ext\spring-3.0\spring-core-3.0.6.RELEASE.jar;C:\Program Files\NetBeans 7.1\java\modules\ext\spring-3.0\spring-expression-3.0.6.RELEASE.jar;C:\Program Files\NetBeans 7.1\java\modules\ext\spring-3.0\spring-instrument-3.0.6.RELEASE.jar;C:\Program Files\NetBeans 7.1\java\modules\ext\spring-3.0\spring-instrument-tomcat-3.0.6.RELEASE.jar;C:\Program Files\NetBeans 7.1\java\modules\ext\spring-3.0\spring-jdbc-3.0.6.RELEASE.jar;C:\Program Files\NetBeans 7.1\java\modules\ext\spring-3.0\spring-jms-3.0.6.RELEASE.jar;C:\Program Files\NetBeans 7.1\java\modules\ext\spring-3.0\spring-orm-3.0.6.RELEASE.jar;C:\Program Files\NetBeans 7.1\java\modules\ext\spring-3.0\spring-oxm-3.0.6.RELEASE.jar;C:\Program Files\NetBeans 7.1\java\modules\ext\spring-3.0\spring-test-3.0.6.RELEASE.jar;C:\Program Files\NetBeans 7.1\java\modules\ext\spring-3.0\spring-tx-3.0.6.RELEASE.jar;C:\Program Files\NetBeans 7.1\java\modules\ext\spring-3.0\spring-web-3.0.6.RELEASE.jar;C:\Program Files\NetBeans 7.1\java\modules\ext\spring-3.0\spring-webmvc-portlet-3.0.6.RELEASE.jar;C:\Program Files\NetBeans 7.1\java\modules\ext\spring-3.0\spring-webmvc-3.0.6.RELEASE.jar;C:\Program Files\NetBeans 7.1\java\modules\ext\spring-3.0\spring-struts-3.0.6.RELEASE.jar" />
    <property name="libs.jsp-compiler.maven-pom" value="" />
    <property name="libs.spring-webmvc.maven-pom" value="" />
    <property name="run.jvmargs" value="" />
    <property name="libs.ejb3-persistence.classpath" value="C:\Program Files\NetBeans 7.1\java\modules\ext\hibernate\ejb3-persistence.jar" />
    <property name="libs.spring-framework.javadoc" value="" />
    <property name="libs.JAXB-ENDORSED.src" value="" />
    <property name="libs.PostgreSQLDriver.classpath" value="C:\Program Files\NetBeans 7.1\ide\modules\ext\postgresql-8.3-603.jdbc3.jar" />
    <property name="libs.jsf12.maven-pom" value="" />
    <property name="libs.junit.src" value="" />
    <property name="annotation.processing.source.output" value="build/generated-sources/ap-source-output" />
    <property name="main.class" value="org.card.scrabble.ScrabbleBot" />
    <property name="libs.CopyLibs.src" value="" />
    <property name="build.dir" value="build" />
    <property name="libs.jsp-compilation.classpath" value="C:\Program Files\NetBeans 7.1\java\ant\lib\ant.jar;C:\Users\jcard\.netbeans\7.1\modules\ext\servlet3.0-jsp2.2-api.jar;C:\Users\jcard\.netbeans\7.1\modules\ext\glassfish-jspparser-3.0.jar;C:\Users\jcard\.netbeans\7.1\modules\ext\jsf-2_1\jsf-api.jar;C:\Users\jcard\.netbeans\7.1\modules\ext\jstl.jar;C:\Program Files\NetBeans 7.1\java\ant\lib\ant-launcher.jar" />
    <property name="ant.version" value="Apache Ant(TM) version 1.8.2 compiled on December 20 2010" />
    <property name="file.encoding" value="Cp1252" />
    <property name="build.classes.excludes" value="**/*.java,**/*.form,**/*.groovy" />
    <property name="jdkBug6558476" value="true" />
    <property name="javadoc.nonavbar" value="false" />
    <property name="platform.active" value="default_platform" />
    <property name="awt.toolkit" value="sun.awt.windows.WToolkit" />
  </properties>
  <testcase classname="org.card.scrabble.BoardTest" name="testScorePlay" time="0.466">
    <error message="No signature of method: org.card.scrabble.BoardTest.getDirectionAndCoords() is applicable for argument types: (java.lang.String) values: [A1]" type="groovy.lang.MissingMethodException">groovy.lang.MissingMethodException: No signature of method: org.card.scrabble.BoardTest.getDirectionAndCoords() is applicable for argument types: (java.lang.String) values: [A1]
	at org.codehaus.groovy.runtime.ScriptBytecodeAdapter.unwrap(ScriptBytecodeAdapter.java:55)
	at org.codehaus.groovy.runtime.callsite.PogoMetaClassSite.callCurrent(PogoMetaClassSite.java:78)
	at org.codehaus.groovy.runtime.callsite.CallSiteArray.defaultCallCurrent(CallSiteArray.java:46)
	at org.codehaus.groovy.runtime.callsite.AbstractCallSite.callCurrent(AbstractCallSite.java:133)
	at org.codehaus.groovy.runtime.callsite.AbstractCallSite.callCurrent(AbstractCallSite.java:141)
	at org.card.scrabble.BoardTest.testScorePlay(BoardTest.groovy:7)
</error>
  </testcase>
  <system-out><![CDATA[]]></system-out>
  <system-err><![CDATA[]]></system-err>
</testsuite>
